<?xml version="1.0" encoding="UTF-8"?>
<testsuite name="test1"
           tests="1"
           failures="1"
           errors="0"
           skipped="0"
           time="3.526">
    <properties></properties>

            <testcase
                name="giftcardinput"
                time="3.526"
                classname="Testcases.GiftCardTest">

            <failure type="org.openqa.selenium.ElementClickInterceptedException" message="element click intercepted: Element &lt;a id=&quot;navigation-baby-gears&quot; class=&quot;navigation-menu-link navigable&quot; href=&quot;/collections/baby-gears&quot; data-linklist-trigger=&quot;baby-gears&quot;&gt;...&lt;/a&gt; is not clickable at point (1174, 153). Other element would receive the click: &lt;iframe name=&quot;ju_iframe_486647&quot; data-ex=&quot;0&quot; title=&quot;YEB%20-%20New%20Visitor%20(desktop)%20%20v2&quot; class=&quot;ju_iframe&quot; id=&quot;ju_iframe_486647&quot; tabindex=&quot;0&quot; allowtransparency=&quot;true&quot; scrolling=&quot;no&quot; frameborder=&quot;0&quot; src=&quot;about:blank&quot; style=&quot;width: 1903px; opacity: 1; display: block;&quot; data-hj-allow-iframe=&quot;&quot;&gt;&lt;/iframe&gt;
  (Session info: chrome=102.0.5005.115)
Build info: version: &apos;4.0.0&apos;, revision: &apos;3a21814679&apos;
System info: host: &apos;DESKTOP-M0LMLQD&apos;, ip: &apos;192.168.0.12&apos;, os.name: &apos;Windows 10&apos;, os.arch: &apos;amd64&apos;, os.version: &apos;10.0&apos;, java.version: &apos;11.0.14&apos;
Driver info: org.openqa.selenium.chrome.ChromeDriver
Command: [5923a307108f25be51f42c1dc5bf1494, clickElement {id=b2b21748-3a68-442e-bf49-9c240ec97b0e}]
Capabilities {acceptInsecureCerts: false, browserName: chrome, browserVersion: 102.0.5005.115, chrome: {chromedriverVersion: 101.0.4951.41 (93c720db8323..., userDataDir: C:\Users\rayki\AppData\Loca...}, goog:chromeOptions: {debuggerAddress: localhost:50923}, javascriptEnabled: true, networkConnectionEnabled: false, pageLoadStrategy: normal, platform: WINDOWS, platformName: WINDOWS, proxy: Proxy(), se:cdp: ws://localhost:50923/devtoo..., se:cdpVersion: 102.0.5005.115, setWindowRect: true, strictFileInteractability: false, timeouts: {implicit: 0, pageLoad: 300000, script: 30000}, unhandledPromptBehavior: dismiss and notify, webauthn:extension:credBlob: true, webauthn:extension:largeBlob: true, webauthn:virtualAuthenticators: true}
Element: [[ChromeDriver: chrome on WINDOWS (5923a307108f25be51f42c1dc5bf1494)] -&gt; xpath: //a[@id=&apos;navigation-baby-gears&apos;]]
Session ID: 5923a307108f25be51f42c1dc5bf1494">
                <![CDATA[org.openqa.selenium.ElementClickInterceptedException: element click intercepted: Element <a id="navigation-baby-gears" class="navigation-menu-link navigable" href="/collections/baby-gears" data-linklist-trigger="baby-gears">...</a> is not clickable at point (1174, 153). Other element would receive the click: <iframe name="ju_iframe_486647" data-ex="0" title="YEB%20-%20New%20Visitor%20(desktop)%20%20v2" class="ju_iframe" id="ju_iframe_486647" tabindex="0" allowtransparency="true" scrolling="no" frameborder="0" src="about:blank" style="width: 1903px; opacity: 1; display: block;" data-hj-allow-iframe=""></iframe>
  (Session info: chrome=102.0.5005.115)
Build info: version: '4.0.0', revision: '3a21814679'
System info: host: 'DESKTOP-M0LMLQD', ip: '192.168.0.12', os.name: 'Windows 10', os.arch: 'amd64', os.version: '10.0', java.version: '11.0.14'
Driver info: org.openqa.selenium.chrome.ChromeDriver
Command: [5923a307108f25be51f42c1dc5bf1494, clickElement {id=b2b21748-3a68-442e-bf49-9c240ec97b0e}]
Capabilities {acceptInsecureCerts: false, browserName: chrome, browserVersion: 102.0.5005.115, chrome: {chromedriverVersion: 101.0.4951.41 (93c720db8323..., userDataDir: C:\Users\rayki\AppData\Loca...}, goog:chromeOptions: {debuggerAddress: localhost:50923}, javascriptEnabled: true, networkConnectionEnabled: false, pageLoadStrategy: normal, platform: WINDOWS, platformName: WINDOWS, proxy: Proxy(), se:cdp: ws://localhost:50923/devtoo..., se:cdpVersion: 102.0.5005.115, setWindowRect: true, strictFileInteractability: false, timeouts: {implicit: 0, pageLoad: 300000, script: 30000}, unhandledPromptBehavior: dismiss and notify, webauthn:extension:credBlob: true, webauthn:extension:largeBlob: true, webauthn:virtualAuthenticators: true}
Element: [[ChromeDriver: chrome on WINDOWS (5923a307108f25be51f42c1dc5bf1494)] -> xpath: //a[@id='navigation-baby-gears']]
Session ID: 5923a307108f25be51f42c1dc5bf1494
                java.base/jdk.internal.reflect.NativeConstructorAccessorImpl.newInstance0(Native Method)java.base/jdk.internal.reflect.NativeConstructorAccessorImpl.newInstance(NativeConstructorAccessorImpl.java:62)java.base/jdk.internal.reflect.DelegatingConstructorAccessorImpl.newInstance(DelegatingConstructorAccessorImpl.java:45)java.base/java.lang.reflect.Constructor.newInstance(Constructor.java:490)org.openqa.selenium.remote.codec.w3c.W3CHttpResponseCodec.createException(W3CHttpResponseCodec.java:200)org.openqa.selenium.remote.codec.w3c.W3CHttpResponseCodec.decode(W3CHttpResponseCodec.java:133)org.openqa.selenium.remote.codec.w3c.W3CHttpResponseCodec.decode(W3CHttpResponseCodec.java:53)org.openqa.selenium.remote.HttpCommandExecutor.execute(HttpCommandExecutor.java:184)org.openqa.selenium.remote.service.DriverCommandExecutor.invokeExecute(DriverCommandExecutor.java:164)org.openqa.selenium.remote.service.DriverCommandExecutor.execute(DriverCommandExecutor.java:139)org.openqa.selenium.remote.RemoteWebDriver.execute(RemoteWebDriver.java:559)org.openqa.selenium.remote.RemoteWebElement.execute(RemoteWebElement.java:251)org.openqa.selenium.remote.RemoteWebElement.click(RemoteWebElement.java:77)Pages.AddToCartPage.clickonproduct(AddToCartPage.java:51)Testcases.GiftCardTest.giftcardinput(GiftCardTest.java:26)java.base/jdk.internal.reflect.NativeMethodAccessorImpl.invoke0(Native Method)java.base/jdk.internal.reflect.NativeMethodAccessorImpl.invoke(NativeMethodAccessorImpl.java:62)java.base/jdk.internal.reflect.DelegatingMethodAccessorImpl.invoke(DelegatingMethodAccessorImpl.java:43)java.base/java.lang.reflect.Method.invoke(Method.java:566)org.testng.internal.MethodInvocationHelper.invokeMethod(MethodInvocationHelper.java:124)org.testng.internal.Invoker.invokeMethod(Invoker.java:583)org.testng.internal.Invoker.invokeTestMethod(Invoker.java:719)org.testng.internal.Invoker.invokeTestMethods(Invoker.java:989)org.testng.internal.TestMethodWorker.invokeTestMethods(TestMethodWorker.java:125)org.testng.internal.TestMethodWorker.run(TestMethodWorker.java:109)org.testng.TestRunner.privateRun(TestRunner.java:648)org.testng.TestRunner.run(TestRunner.java:505)org.testng.SuiteRunner.runTest(SuiteRunner.java:455)org.testng.SuiteRunner.runSequentially(SuiteRunner.java:450)org.testng.SuiteRunner.privateRun(SuiteRunner.java:415)org.testng.SuiteRunner.run(SuiteRunner.java:364)org.testng.SuiteRunnerWorker.runSuite(SuiteRunnerWorker.java:52)org.testng.SuiteRunnerWorker.run(SuiteRunnerWorker.java:84)org.testng.TestNG.runSuitesSequentially(TestNG.java:1208)org.testng.TestNG.runSuitesLocally(TestNG.java:1137)org.testng.TestNG.runSuites(TestNG.java:1049)org.testng.TestNG.run(TestNG.java:1017)com.intellij.rt.testng.IDEARemoteTestNG.run(IDEARemoteTestNG.java:66)com.intellij.rt.testng.RemoteTestNGStarter.main(RemoteTestNGStarter.java:109)
]]>
            </failure>
    </testcase>


</testsuite>
